[debug] [2022-06-15T16:47:49.665Z] ----------------------------------------------------------------------
[debug] [2022-06-15T16:47:49.668Z] Command:       C:\Program Files\nodejs\node.exe C:\Users\moina\AppData\Roaming\npm\node_modules\firebase-tools\lib\bin\firebase.js init
[debug] [2022-06-15T16:47:49.668Z] CLI Version:   11.0.1
[debug] [2022-06-15T16:47:49.668Z] Platform:      win32
[debug] [2022-06-15T16:47:49.669Z] Node Version:  v16.13.1
[debug] [2022-06-15T16:47:49.676Z] Time:          Wed Jun 15 2022 22:17:49 GMT+0530 (India Standard Time)
[debug] [2022-06-15T16:47:49.676Z] ----------------------------------------------------------------------
[debug] 
[debug] [2022-06-15T16:47:49.680Z] >>> [apiv2][query] GET https://firebase-public.firebaseio.com/cli.json [none]
[debug] [2022-06-15T16:47:49.790Z] > command requires scopes: ["email","openid","https://www.googleapis.com/auth/cloudplatformprojects.readonly","https://www.googleapis.com/auth/firebase","https://www.googleapis.com/auth/cloud-platform"]
[debug] [2022-06-15T16:47:49.791Z] > authorizing via signed-in user (moinak2000@gmail.com)
[info] 
     ######## #### ########  ######## ########     ###     ######  ########
     ##        ##  ##     ## ##       ##     ##  ##   ##  ##       ##
     ######    ##  ########  ######   ########  #########  ######  ######
     ##        ##  ##    ##  ##       ##     ## ##     ##       ## ##
     ##       #### ##     ## ######## ########  ##     ##  ######  ########

You're about to initialize a Firebase project in this directory:

  M:\My Progarms\React\my-app

Before we get started, keep in mind:

  * You are initializing within an existing Firebase project directory

[debug] [2022-06-15T16:47:50.738Z] <<< [apiv2][status] GET https://firebase-public.firebaseio.com/cli.json 200
[debug] [2022-06-15T16:47:50.739Z] <<< [apiv2][body] GET https://firebase-public.firebaseio.com/cli.json {"cloudBuildErrorAfter":1594252800000,"cloudBuildWarnAfter":1590019200000,"defaultNode10After":1594252800000,"minVersion":"3.0.5","node8DeploysDisabledAfter":1613390400000,"node8RuntimeDisabledAfter":1615809600000,"node8WarnAfter":1600128000000}
